build/app/outputs/mapping/release/usage.txt
com.caprimul.to.BuildConfig
com.caprimul.to.R$attr
com.caprimul.to.R$layout
com.caprimul.to.R$styleable
com.caprimul.to.R$color
com.caprimul.to.R$integer
com.caprimul.to.R$style
com.caprimul.to.R$string
com.caprimul.to.R$drawable
com.caprimul.to.R$mipmap
com.caprimul.to.R$dimen
com.caprimul.to.R$id
com.caprimul.to.R
...
com.google.common.collect.CompactHashSet
com.google.common.base.Optional$1
com.google.common.collect.Ordering$IncomparableValueException
com.google.common.collect.StandardTable$CellIterator
com.google.common.hash.MessageDigestHashFunction$SerializedForm
com.google.common.collect.Synchronized$SynchronizedNavigableSet
com.google.common.io.ByteSource$EmptyByteSource
com.google.common.reflect.TypeResolver$WildcardCapturer$1
androidx.core.widget.TintableCompoundButton
io.flutter.util.Preconditions:
    private void <init>()
    public static java.lang.Object checkNotNull(java.lang.Object)
    public static void checkState(boolean)
com.google.common.graph.EndpointPairIterator
com.google.common.graph.UndirectedMultiNetworkConnections$1
com.google.common.hash.Hashing$1
com.google.common.reflect.TypeParameter
com.google.common.base.CharMatcher$RangesMatcher
com.google.j2objc.annotations.AutoreleasePool
com.google.common.primitives.Booleans$LexicographicalComparator
com.google.common.io.CharSource$AsByteSource
io.flutter.plugin.mouse.MouseCursorPlugin$2:
    private static final long serialVersionUID
com.google.common.collect.AbstractMapBasedMultimap$KeySet$1
io.flutter.embedding.engine.dart.DartExecutor:
    public void executeDartCallback(io.flutter.embedding.engine.dart.DartExecutor$DartCallback)
    public io.flutter.plugin.common.BinaryMessenger getBinaryMessenger()
    public void send(java.lang.String,java.nio.ByteBuffer)
    public int getPendingChannelResponseCount()
    public void setIsolateServiceIdListener(io.flutter.embedding.engine.dart.DartExecutor$IsolateServiceIdListener)
    private static final java.lang.String TAG
com.google.common.cache.CacheBuilderSpec$WriteDurationParser
com.google.common.collect.SortedLists$KeyAbsentBehavior$3
com.google.common.reflect.Types$JavaVersion
com.google.common.base.Splitter$3$1
com.google.common.collect.Maps$9
com.google.common.hash.MacHashFunction$1
com.google.common.util.concurrent.AbstractCatchingFuture
androidx.viewpager.widget.PagerTitleStrip
androidx.core.hardware.fingerprint.FingerprintManagerCompat$1
com.google.common.collect.ForwardingImmutableSet
com.google.common.annotations.GwtCompatible
androidx.core.graphics.PathUtils
com.google.common.collect.ImmutableMap$IteratorBasedImmutableMap$1EntrySetImpl
com.google.common.util.concurrent.AbstractScheduledService$ServiceDelegate$3
com.google.common.collect.ForwardingIterator
com.google.common.collect.LinkedListMultimap$1
com.google.common.hash.HashCode
com.google.common.collect.ImmutableBiMap$Builder
com.google.common.collect.Sets$FilteredNavigableSet
com.google.common.cache.LocalCache$WeakWriteEntry
io.flutter.embedding.android.FlutterFragment$NewEngineFragmentBuilder
io.flutter.plugin.common.PluginRegistry$PluginRegistrantCallback
com.google.common.collect.TreeRangeSet$1
androidx.core.view.accessibility.AccessibilityNodeInfoCompat$CollectionInfoCompat
com.google.common.util.concurrent.CycleDetectingLockFactory$LockGraphNode
com.google.common.primitives.UnsignedInteger
com.google.common.cache.LongAddables